<?xml version="1.0" encoding="UTF-8"?>
<testsuite xmlns:xsi="http://www.w3.org/2001/XMLSchema-instance" xsi:noNamespaceSchemaLocation="https://maven.apache.org/surefire/maven-surefire-plugin/xsd/surefire-test-report.xsd" name="com.im.commons.AppTest" time="0.031" tests="1" errors="0" skipped="0" failures="0">
  <properties>
    <property name="sun.desktop" value="windows"/>
    <property name="awt.toolkit" value="sun.awt.windows.WToolkit"/>
    <property name="file.encoding.pkg" value="sun.io"/>
    <property name="java.specification.version" value="1.8"/>
    <property name="sun.cpu.isalist" value="amd64"/>
    <property name="sun.jnu.encoding" value="GBK"/>
    <property name="java.class.path" value="C:\Users\Alix\Workspaces\MyEclipse 2017 CI\im-commons\target\test-classes;C:\Users\Alix\Workspaces\MyEclipse 2017 CI\im-commons\target\classes;G:\apache-maven-3.2.5\pro\org\springframework\boot\spring-boot-starter-data-redis\2.1.7.RELEASE\spring-boot-starter-data-redis-2.1.7.RELEASE.jar;G:\apache-maven-3.2.5\pro\org\springframework\boot\spring-boot-starter\2.1.7.RELEASE\spring-boot-starter-2.1.7.RELEASE.jar;G:\apache-maven-3.2.5\pro\org\springframework\boot\spring-boot\2.1.7.RELEASE\spring-boot-2.1.7.RELEASE.jar;G:\apache-maven-3.2.5\pro\org\springframework\spring-context\5.1.9.RELEASE\spring-context-5.1.9.RELEASE.jar;G:\apache-maven-3.2.5\pro\org\springframework\spring-expression\5.1.9.RELEASE\spring-expression-5.1.9.RELEASE.jar;G:\apache-maven-3.2.5\pro\org\springframework\boot\spring-boot-autoconfigure\2.1.7.RELEASE\spring-boot-autoconfigure-2.1.7.RELEASE.jar;G:\apache-maven-3.2.5\pro\org\springframework\boot\spring-boot-starter-logging\2.1.7.RELEASE\spring-boot-starter-logging-2.1.7.RELEASE.jar;G:\apache-maven-3.2.5\pro\ch\qos\logback\logback-classic\1.2.3\logback-classic-1.2.3.jar;G:\apache-maven-3.2.5\pro\ch\qos\logback\logback-core\1.2.3\logback-core-1.2.3.jar;G:\apache-maven-3.2.5\pro\org\apache\logging\log4j\log4j-to-slf4j\2.11.2\log4j-to-slf4j-2.11.2.jar;G:\apache-maven-3.2.5\pro\org\apache\logging\log4j\log4j-api\2.11.2\log4j-api-2.11.2.jar;G:\apache-maven-3.2.5\pro\org\slf4j\jul-to-slf4j\1.7.26\jul-to-slf4j-1.7.26.jar;G:\apache-maven-3.2.5\pro\javax\annotation\javax.annotation-api\1.3.2\javax.annotation-api-1.3.2.jar;G:\apache-maven-3.2.5\pro\org\springframework\spring-core\5.1.9.RELEASE\spring-core-5.1.9.RELEASE.jar;G:\apache-maven-3.2.5\pro\org\springframework\spring-jcl\5.1.9.RELEASE\spring-jcl-5.1.9.RELEASE.jar;G:\apache-maven-3.2.5\pro\org\yaml\snakeyaml\1.23\snakeyaml-1.23.jar;G:\apache-maven-3.2.5\pro\org\springframework\data\spring-data-redis\2.1.10.RELEASE\spring-data-redis-2.1.10.RELEASE.jar;G:\apache-maven-3.2.5\pro\org\springframework\data\spring-data-keyvalue\2.1.10.RELEASE\spring-data-keyvalue-2.1.10.RELEASE.jar;G:\apache-maven-3.2.5\pro\org\springframework\data\spring-data-commons\2.1.10.RELEASE\spring-data-commons-2.1.10.RELEASE.jar;G:\apache-maven-3.2.5\pro\org\springframework\spring-tx\5.1.9.RELEASE\spring-tx-5.1.9.RELEASE.jar;G:\apache-maven-3.2.5\pro\org\springframework\spring-beans\5.1.9.RELEASE\spring-beans-5.1.9.RELEASE.jar;G:\apache-maven-3.2.5\pro\org\springframework\spring-oxm\5.1.9.RELEASE\spring-oxm-5.1.9.RELEASE.jar;G:\apache-maven-3.2.5\pro\org\springframework\spring-aop\5.1.9.RELEASE\spring-aop-5.1.9.RELEASE.jar;G:\apache-maven-3.2.5\pro\org\springframework\spring-context-support\5.1.9.RELEASE\spring-context-support-5.1.9.RELEASE.jar;G:\apache-maven-3.2.5\pro\org\slf4j\slf4j-api\1.7.26\slf4j-api-1.7.26.jar;G:\apache-maven-3.2.5\pro\io\lettuce\lettuce-core\5.1.8.RELEASE\lettuce-core-5.1.8.RELEASE.jar;G:\apache-maven-3.2.5\pro\io\netty\netty-common\4.1.38.Final\netty-common-4.1.38.Final.jar;G:\apache-maven-3.2.5\pro\io\netty\netty-handler\4.1.38.Final\netty-handler-4.1.38.Final.jar;G:\apache-maven-3.2.5\pro\io\netty\netty-buffer\4.1.38.Final\netty-buffer-4.1.38.Final.jar;G:\apache-maven-3.2.5\pro\io\netty\netty-codec\4.1.38.Final\netty-codec-4.1.38.Final.jar;G:\apache-maven-3.2.5\pro\io\netty\netty-transport\4.1.38.Final\netty-transport-4.1.38.Final.jar;G:\apache-maven-3.2.5\pro\io\netty\netty-resolver\4.1.38.Final\netty-resolver-4.1.38.Final.jar;G:\apache-maven-3.2.5\pro\io\projectreactor\reactor-core\3.2.11.RELEASE\reactor-core-3.2.11.RELEASE.jar;G:\apache-maven-3.2.5\pro\org\reactivestreams\reactive-streams\1.0.2\reactive-streams-1.0.2.jar;G:\apache-maven-3.2.5\pro\org\apache\commons\commons-pool2\2.6.2\commons-pool2-2.6.2.jar;G:\apache-maven-3.2.5\pro\com\alibaba\fastjson\1.2.59\fastjson-1.2.59.jar;G:\apache-maven-3.2.5\pro\org\apache\zookeeper\zookeeper\3.4.0\zookeeper-3.4.0.jar;G:\apache-maven-3.2.5\pro\log4j\log4j\1.2.15\log4j-1.2.15.jar;G:\apache-maven-3.2.5\pro\javax\mail\mail\1.4\mail-1.4.jar;G:\apache-maven-3.2.5\pro\javax\activation\activation\1.1\activation-1.1.jar;G:\apache-maven-3.2.5\pro\javax\jms\jms\1.1\jms-1.1.jar;G:\apache-maven-3.2.5\pro\com\sun\jdmk\jmxtools\1.2.1\jmxtools-1.2.1.jar;G:\apache-maven-3.2.5\pro\com\sun\jmx\jmxri\1.2.1\jmxri-1.2.1.jar;G:\apache-maven-3.2.5\pro\jline\jline\0.9.94\jline-0.9.94.jar;G:\apache-maven-3.2.5\pro\org\jboss\netty\netty\3.2.2.Final\netty-3.2.2.Final.jar;G:\apache-maven-3.2.5\pro\org\apache\curator\curator-recipes\4.2.0\curator-recipes-4.2.0.jar;G:\apache-maven-3.2.5\pro\org\apache\curator\curator-framework\4.2.0\curator-framework-4.2.0.jar;G:\apache-maven-3.2.5\pro\org\apache\curator\curator-client\4.2.0\curator-client-4.2.0.jar;G:\apache-maven-3.2.5\pro\com\google\guava\guava\28.0-jre\guava-28.0-jre.jar;G:\apache-maven-3.2.5\pro\com\google\guava\failureaccess\1.0.1\failureaccess-1.0.1.jar;G:\apache-maven-3.2.5\pro\com\google\guava\listenablefuture\9999.0-empty-to-avoid-conflict-with-guava\listenablefuture-9999.0-empty-to-avoid-conflict-with-guava.jar;G:\apache-maven-3.2.5\pro\com\google\code\findbugs\jsr305\3.0.2\jsr305-3.0.2.jar;G:\apache-maven-3.2.5\pro\org\checkerframework\checker-qual\2.8.1\checker-qual-2.8.1.jar;G:\apache-maven-3.2.5\pro\com\google\errorprone\error_prone_annotations\2.3.2\error_prone_annotations-2.3.2.jar;G:\apache-maven-3.2.5\pro\com\google\j2objc\j2objc-annotations\1.3\j2objc-annotations-1.3.jar;G:\apache-maven-3.2.5\pro\org\codehaus\mojo\animal-sniffer-annotations\1.17\animal-sniffer-annotations-1.17.jar;G:\apache-maven-3.2.5\pro\org\springframework\boot\spring-boot-configuration-processor\2.1.7.RELEASE\spring-boot-configuration-processor-2.1.7.RELEASE.jar;G:\apache-maven-3.2.5\pro\org\apache\commons\commons-lang3\3.8.1\commons-lang3-3.8.1.jar;G:\apache-maven-3.2.5\pro\junit\junit\4.12\junit-4.12.jar;G:\apache-maven-3.2.5\pro\org\hamcrest\hamcrest-core\1.3\hamcrest-core-1.3.jar;"/>
    <property name="java.vm.vendor" value="Oracle Corporation"/>
    <property name="sun.arch.data.model" value="64"/>
    <property name="user.variant" value=""/>
    <property name="java.vendor.url" value="http://java.oracle.com/"/>
    <property name="user.timezone" value="Asia/Shanghai"/>
    <property name="java.vm.specification.version" value="1.8"/>
    <property name="os.name" value="Windows 10"/>
    <property name="user.country" value="CN"/>
    <property name="sun.java.launcher" value="SUN_STANDARD"/>
    <property name="sun.boot.library.path" value="D:\Program Files\Java\jdk1.8.0_101\jre\bin"/>
    <property name="sun.java.command" value="C:\Users\Alix\AppData\Local\Temp\surefire782346957763947422\surefirebooter2489977002149324230.jar C:\Users\Alix\AppData\Local\Temp\surefire782346957763947422 2019-08-20T19-34-40_544-jvmRun1 surefire5765425931957264925tmp surefire_06597079966556217571tmp"/>
    <property name="surefire.test.class.path" value="C:\Users\Alix\Workspaces\MyEclipse 2017 CI\im-commons\target\test-classes;C:\Users\Alix\Workspaces\MyEclipse 2017 CI\im-commons\target\classes;G:\apache-maven-3.2.5\pro\org\springframework\boot\spring-boot-starter-data-redis\2.1.7.RELEASE\spring-boot-starter-data-redis-2.1.7.RELEASE.jar;G:\apache-maven-3.2.5\pro\org\springframework\boot\spring-boot-starter\2.1.7.RELEASE\spring-boot-starter-2.1.7.RELEASE.jar;G:\apache-maven-3.2.5\pro\org\springframework\boot\spring-boot\2.1.7.RELEASE\spring-boot-2.1.7.RELEASE.jar;G:\apache-maven-3.2.5\pro\org\springframework\spring-context\5.1.9.RELEASE\spring-context-5.1.9.RELEASE.jar;G:\apache-maven-3.2.5\pro\org\springframework\spring-expression\5.1.9.RELEASE\spring-expression-5.1.9.RELEASE.jar;G:\apache-maven-3.2.5\pro\org\springframework\boot\spring-boot-autoconfigure\2.1.7.RELEASE\spring-boot-autoconfigure-2.1.7.RELEASE.jar;G:\apache-maven-3.2.5\pro\org\springframework\boot\spring-boot-starter-logging\2.1.7.RELEASE\spring-boot-starter-logging-2.1.7.RELEASE.jar;G:\apache-maven-3.2.5\pro\ch\qos\logback\logback-classic\1.2.3\logback-classic-1.2.3.jar;G:\apache-maven-3.2.5\pro\ch\qos\logback\logback-core\1.2.3\logback-core-1.2.3.jar;G:\apache-maven-3.2.5\pro\org\apache\logging\log4j\log4j-to-slf4j\2.11.2\log4j-to-slf4j-2.11.2.jar;G:\apache-maven-3.2.5\pro\org\apache\logging\log4j\log4j-api\2.11.2\log4j-api-2.11.2.jar;G:\apache-maven-3.2.5\pro\org\slf4j\jul-to-slf4j\1.7.26\jul-to-slf4j-1.7.26.jar;G:\apache-maven-3.2.5\pro\javax\annotation\javax.annotation-api\1.3.2\javax.annotation-api-1.3.2.jar;G:\apache-maven-3.2.5\pro\org\springframework\spring-core\5.1.9.RELEASE\spring-core-5.1.9.RELEASE.jar;G:\apache-maven-3.2.5\pro\org\springframework\spring-jcl\5.1.9.RELEASE\spring-jcl-5.1.9.RELEASE.jar;G:\apache-maven-3.2.5\pro\org\yaml\snakeyaml\1.23\snakeyaml-1.23.jar;G:\apache-maven-3.2.5\pro\org\springframework\data\spring-data-redis\2.1.10.RELEASE\spring-data-redis-2.1.10.RELEASE.jar;G:\apache-maven-3.2.5\pro\org\springframework\data\spring-data-keyvalue\2.1.10.RELEASE\spring-data-keyvalue-2.1.10.RELEASE.jar;G:\apache-maven-3.2.5\pro\org\springframework\data\spring-data-commons\2.1.10.RELEASE\spring-data-commons-2.1.10.RELEASE.jar;G:\apache-maven-3.2.5\pro\org\springframework\spring-tx\5.1.9.RELEASE\spring-tx-5.1.9.RELEASE.jar;G:\apache-maven-3.2.5\pro\org\springframework\spring-beans\5.1.9.RELEASE\spring-beans-5.1.9.RELEASE.jar;G:\apache-maven-3.2.5\pro\org\springframework\spring-oxm\5.1.9.RELEASE\spring-oxm-5.1.9.RELEASE.jar;G:\apache-maven-3.2.5\pro\org\springframework\spring-aop\5.1.9.RELEASE\spring-aop-5.1.9.RELEASE.jar;G:\apache-maven-3.2.5\pro\org\springframework\spring-context-support\5.1.9.RELEASE\spring-context-support-5.1.9.RELEASE.jar;G:\apache-maven-3.2.5\pro\org\slf4j\slf4j-api\1.7.26\slf4j-api-1.7.26.jar;G:\apache-maven-3.2.5\pro\io\lettuce\lettuce-core\5.1.8.RELEASE\lettuce-core-5.1.8.RELEASE.jar;G:\apache-maven-3.2.5\pro\io\netty\netty-common\4.1.38.Final\netty-common-4.1.38.Final.jar;G:\apache-maven-3.2.5\pro\io\netty\netty-handler\4.1.38.Final\netty-handler-4.1.38.Final.jar;G:\apache-maven-3.2.5\pro\io\netty\netty-buffer\4.1.38.Final\netty-buffer-4.1.38.Final.jar;G:\apache-maven-3.2.5\pro\io\netty\netty-codec\4.1.38.Final\netty-codec-4.1.38.Final.jar;G:\apache-maven-3.2.5\pro\io\netty\netty-transport\4.1.38.Final\netty-transport-4.1.38.Final.jar;G:\apache-maven-3.2.5\pro\io\netty\netty-resolver\4.1.38.Final\netty-resolver-4.1.38.Final.jar;G:\apache-maven-3.2.5\pro\io\projectreactor\reactor-core\3.2.11.RELEASE\reactor-core-3.2.11.RELEASE.jar;G:\apache-maven-3.2.5\pro\org\reactivestreams\reactive-streams\1.0.2\reactive-streams-1.0.2.jar;G:\apache-maven-3.2.5\pro\org\apache\commons\commons-pool2\2.6.2\commons-pool2-2.6.2.jar;G:\apache-maven-3.2.5\pro\com\alibaba\fastjson\1.2.59\fastjson-1.2.59.jar;G:\apache-maven-3.2.5\pro\org\apache\zookeeper\zookeeper\3.4.0\zookeeper-3.4.0.jar;G:\apache-maven-3.2.5\pro\log4j\log4j\1.2.15\log4j-1.2.15.jar;G:\apache-maven-3.2.5\pro\javax\mail\mail\1.4\mail-1.4.jar;G:\apache-maven-3.2.5\pro\javax\activation\activation\1.1\activation-1.1.jar;G:\apache-maven-3.2.5\pro\javax\jms\jms\1.1\jms-1.1.jar;G:\apache-maven-3.2.5\pro\com\sun\jdmk\jmxtools\1.2.1\jmxtools-1.2.1.jar;G:\apache-maven-3.2.5\pro\com\sun\jmx\jmxri\1.2.1\jmxri-1.2.1.jar;G:\apache-maven-3.2.5\pro\jline\jline\0.9.94\jline-0.9.94.jar;G:\apache-maven-3.2.5\pro\org\jboss\netty\netty\3.2.2.Final\netty-3.2.2.Final.jar;G:\apache-maven-3.2.5\pro\org\apache\curator\curator-recipes\4.2.0\curator-recipes-4.2.0.jar;G:\apache-maven-3.2.5\pro\org\apache\curator\curator-framework\4.2.0\curator-framework-4.2.0.jar;G:\apache-maven-3.2.5\pro\org\apache\curator\curator-client\4.2.0\curator-client-4.2.0.jar;G:\apache-maven-3.2.5\pro\com\google\guava\guava\28.0-jre\guava-28.0-jre.jar;G:\apache-maven-3.2.5\pro\com\google\guava\failureaccess\1.0.1\failureaccess-1.0.1.jar;G:\apache-maven-3.2.5\pro\com\google\guava\listenablefuture\9999.0-empty-to-avoid-conflict-with-guava\listenablefuture-9999.0-empty-to-avoid-conflict-with-guava.jar;G:\apache-maven-3.2.5\pro\com\google\code\findbugs\jsr305\3.0.2\jsr305-3.0.2.jar;G:\apache-maven-3.2.5\pro\org\checkerframework\checker-qual\2.8.1\checker-qual-2.8.1.jar;G:\apache-maven-3.2.5\pro\com\google\errorprone\error_prone_annotations\2.3.2\error_prone_annotations-2.3.2.jar;G:\apache-maven-3.2.5\pro\com\google\j2objc\j2objc-annotations\1.3\j2objc-annotations-1.3.jar;G:\apache-maven-3.2.5\pro\org\codehaus\mojo\animal-sniffer-annotations\1.17\animal-sniffer-annotations-1.17.jar;G:\apache-maven-3.2.5\pro\org\springframework\boot\spring-boot-configuration-processor\2.1.7.RELEASE\spring-boot-configuration-processor-2.1.7.RELEASE.jar;G:\apache-maven-3.2.5\pro\org\apache\commons\commons-lang3\3.8.1\commons-lang3-3.8.1.jar;G:\apache-maven-3.2.5\pro\junit\junit\4.12\junit-4.12.jar;G:\apache-maven-3.2.5\pro\org\hamcrest\hamcrest-core\1.3\hamcrest-core-1.3.jar;"/>
    <property name="sun.cpu.endian" value="little"/>
    <property name="user.home" value="C:\Users\Alix"/>
    <property name="user.language" value="zh"/>
    <property name="java.specification.vendor" value="Oracle Corporation"/>
    <property name="java.home" value="D:\Program Files\Java\jdk1.8.0_101\jre"/>
    <property name="basedir" value="C:\Users\Alix\Workspaces\MyEclipse 2017 CI\im-commons"/>
    <property name="file.separator" value="\"/>
    <property name="line.separator" value="&#10;"/>
    <property name="java.vm.specification.vendor" value="Oracle Corporation"/>
    <property name="java.specification.name" value="Java Platform API Specification"/>
    <property name="java.awt.graphicsenv" value="sun.awt.Win32GraphicsEnvironment"/>
    <property name="surefire.real.class.path" value="C:\Users\Alix\AppData\Local\Temp\surefire782346957763947422\surefirebooter2489977002149324230.jar"/>
    <property name="sun.boot.class.path" value="D:\Program Files\Java\jdk1.8.0_101\jre\lib\resources.jar;D:\Program Files\Java\jdk1.8.0_101\jre\lib\rt.jar;D:\Program Files\Java\jdk1.8.0_101\jre\lib\sunrsasign.jar;D:\Program Files\Java\jdk1.8.0_101\jre\lib\jsse.jar;D:\Program Files\Java\jdk1.8.0_101\jre\lib\jce.jar;D:\Program Files\Java\jdk1.8.0_101\jre\lib\charsets.jar;D:\Program Files\Java\jdk1.8.0_101\jre\lib\jfr.jar;D:\Program Files\Java\jdk1.8.0_101\jre\classes"/>
    <property name="user.script" value=""/>
    <property name="sun.management.compiler" value="HotSpot 64-Bit Tiered Compilers"/>
    <property name="java.runtime.version" value="1.8.0_101-b13"/>
    <property name="user.name" value="Alix"/>
    <property name="path.separator" value=";"/>
    <property name="os.version" value="10.0"/>
    <property name="java.endorsed.dirs" value="D:\Program Files\Java\jdk1.8.0_101\jre\lib\endorsed"/>
    <property name="java.runtime.name" value="Java(TM) SE Runtime Environment"/>
    <property name="file.encoding" value="GBK"/>
    <property name="java.vm.name" value="Java HotSpot(TM) 64-Bit Server VM"/>
    <property name="localRepository" value="G:\apache-maven-3.2.5\pro"/>
    <property name="java.vendor.url.bug" value="http://bugreport.sun.com/bugreport/"/>
    <property name="java.io.tmpdir" value="C:\Users\Alix\AppData\Local\Temp\"/>
    <property name="java.version" value="1.8.0_101"/>
    <property name="user.dir" value="C:\Users\Alix\Workspaces\MyEclipse 2017 CI\im-commons"/>
    <property name="os.arch" value="amd64"/>
    <property name="java.vm.specification.name" value="Java Virtual Machine Specification"/>
    <property name="java.awt.printerjob" value="sun.awt.windows.WPrinterJob"/>
    <property name="sun.os.patch.level" value=""/>
    <property name="java.library.path" value="D:\Program Files\Java\jdk1.8.0_101\jre\bin;C:\Windows\Sun\Java\bin;C:\Windows\system32;C:\Windows;C:\Windows\system32;C:\Windows;C:\Windows\System32\Wbem;C:\Windows\System32\WindowsPowerShell\v1.0\;C:\Windows\System32\OpenSSH\;D:\Program Files\Java\jdk1.8.0_101\bin;G:\apache-maven-3.2.5\bin;C:\Program Files\TortoiseSVN\bin;C:\Program Files\Git\cmd;C:\Program Files\mysql-5.6.40-winx64\bin;C:\Users\Alix\AppData\Local\Microsoft\WindowsApps;;."/>
    <property name="java.vm.info" value="mixed mode"/>
    <property name="java.vendor" value="Oracle Corporation"/>
    <property name="java.vm.version" value="25.101-b13"/>
    <property name="java.ext.dirs" value="D:\Program Files\Java\jdk1.8.0_101\jre\lib\ext;C:\Windows\Sun\Java\lib\ext"/>
    <property name="sun.io.unicode.encoding" value="UnicodeLittle"/>
    <property name="java.class.version" value="52.0"/>
  </properties>
  <testcase name="testApp" classname="com.im.commons.AppTest" time="0.004"/>
</testsuite>